# JRE version: Java(TM) SE Runtime Environment (15.0.2+7) (build 15.0.2+7-27)
# Java VM: Java HotSpot(TM) 64-Bit Server VM (15.0.2+7-27, mixed mode, sharing, tiered, compressed oops, g1 gc, windows-amd64)
GC Precious Log:
 CPUs: 6 total, 6 available
 Memory: 16246M
 Large Page Support: Disabled
 NUMA Support: Disabled
 Compressed Oops: Enabled (Zero based)
 Heap Region Size: 2M
 Heap Min Capacity: 8M
 Heap Initial Capacity: 254M
 Heap Max Capacity: 4062M
 Pre-touch: Disabled
 Parallel Workers: 6
 Concurrent Workers: 2
 Concurrent Refinement Workers: 6
 Periodic GC: Disabled
Heap:
 garbage-first heap   total 479232K, used 467762K [0x0000000702200000, 0x0000000800000000)
  region size 2048K, 2 young (4096K), 1 survivors (2048K)
 Metaspace       used 13669K, capacity 13820K, committed 13952K, reserved 1060864K
  class space    used 1486K, capacity 1547K, committed 1664K, reserved 1048576K
GC Heap History (20 events):
Event: 17.170 GC heap before
{Heap before GC invocations=119 (full 0):
 garbage-first heap   total 61440K, used 25377K [0x0000000702200000, 0x0000000800000000)
  region size 2048K, 2 young (4096K), 1 survivors (2048K)
 Metaspace       used 13478K, capacity 13628K, committed 13952K, reserved 1060864K
  class space    used 1486K, capacity 1547K, committed 1664K, reserved 1048576K
}
Event: 17.171 GC heap after
{Heap after GC invocations=120 (full 0):
 garbage-first heap   total 61440K, used 8993K [0x0000000702200000, 0x0000000800000000)
  region size 2048K, 1 young (2048K), 1 survivors (2048K)
 Metaspace       used 13478K, capacity 13628K, committed 13952K, reserved 1060864K
  class space    used 1486K, capacity 1547K, committed 1664K, reserved 1048576K
}
Event: 17.324 GC heap before
{Heap before GC invocations=121 (full 0):
 garbage-first heap   total 61440K, used 25377K [0x0000000702200000, 0x0000000800000000)
  region size 2048K, 2 young (4096K), 1 survivors (2048K)
 Metaspace       used 13485K, capacity 13628K, committed 13952K, reserved 1060864K
  class space    used 1486K, capacity 1547K, committed 1664K, reserved 1048576K
}
Event: 17.324 GC heap after
{Heap after GC invocations=122 (full 0):
 garbage-first heap   total 61440K, used 21281K [0x0000000702200000, 0x0000000800000000)
  region size 2048K, 1 young (2048K), 1 survivors (2048K)
 Metaspace       used 13485K, capacity 13628K, committed 13952K, reserved 1060864K
  class space    used 1486K, capacity 1547K, committed 1664K, reserved 1048576K
}
Event: 17.369 GC heap before
{Heap before GC invocations=123 (full 0):
 garbage-first heap   total 61440K, used 25377K [0x0000000702200000, 0x0000000800000000)
  region size 2048K, 2 young (4096K), 1 survivors (2048K)
 Metaspace       used 13504K, capacity 13628K, committed 13952K, reserved 1060864K
  class space    used 1486K, capacity 1547K, committed 1664K, reserved 1048576K
}
Event: 17.369 GC heap after
{Heap after GC invocations=124 (full 0):
 garbage-first heap   total 61440K, used 8991K [0x0000000702200000, 0x0000000800000000)
  region size 2048K, 1 young (2048K), 1 survivors (2048K)
 Metaspace       used 13504K, capacity 13628K, committed 13952K, reserved 1060864K
  class space    used 1486K, capacity 1547K, committed 1664K, reserved 1048576K
}
Event: 17.495 GC heap before
{Heap before GC invocations=125 (full 0):
 garbage-first heap   total 61440K, used 25375K [0x0000000702200000, 0x0000000800000000)
  region size 2048K, 2 young (4096K), 1 survivors (2048K)
 Metaspace       used 13511K, capacity 13692K, committed 13952K, reserved 1060864K
  class space    used 1486K, capacity 1547K, committed 1664K, reserved 1048576K
}
Event: 17.496 GC heap after
{Heap after GC invocations=126 (full 0):
 garbage-first heap   total 61440K, used 21281K [0x0000000702200000, 0x0000000800000000)
  region size 2048K, 1 young (2048K), 1 survivors (2048K)
 Metaspace       used 13511K, capacity 13692K, committed 13952K, reserved 1060864K
  class space    used 1486K, capacity 1547K, committed 1664K, reserved 1048576K
}
Event: 17.538 GC heap before
{Heap before GC invocations=127 (full 0):
 garbage-first heap   total 61440K, used 25377K [0x0000000702200000, 0x0000000800000000)
  region size 2048K, 2 young (4096K), 1 survivors (2048K)
 Metaspace       used 13511K, capacity 13692K, committed 13952K, reserved 1060864K
  class space    used 1486K, capacity 1547K, committed 1664K, reserved 1048576K
}
Event: 17.538 GC heap after
{Heap after GC invocations=128 (full 0):
 garbage-first heap   total 61440K, used 8996K [0x0000000702200000, 0x0000000800000000)
  region size 2048K, 1 young (2048K), 1 survivors (2048K)
 Metaspace       used 13511K, capacity 13692K, committed 13952K, reserved 1060864K
  class space    used 1486K, capacity 1547K, committed 1664K, reserved 1048576K
}
Event: 17.699 GC heap before
{Heap before GC invocations=129 (full 0):
 garbage-first heap   total 61440K, used 25380K [0x0000000702200000, 0x0000000800000000)
  region size 2048K, 2 young (4096K), 1 survivors (2048K)
 Metaspace       used 13527K, capacity 13692K, committed 13952K, reserved 1060864K
  class space    used 1486K, capacity 1547K, committed 1664K, reserved 1048576K
}
Event: 17.699 GC heap after
{Heap after GC invocations=130 (full 0):
 garbage-first heap   total 61440K, used 21286K [0x0000000702200000, 0x0000000800000000)
  region size 2048K, 1 young (2048K), 1 survivors (2048K)
 Metaspace       used 13527K, capacity 13692K, committed 13952K, reserved 1060864K
  class space    used 1486K, capacity 1547K, committed 1664K, reserved 1048576K
}
Event: 17.730 GC heap before
{Heap before GC invocations=131 (full 0):
 garbage-first heap   total 61440K, used 25382K [0x0000000702200000, 0x0000000800000000)
  region size 2048K, 2 young (4096K), 1 survivors (2048K)
 Metaspace       used 13531K, capacity 13692K, committed 13952K, reserved 1060864K
  class space    used 1486K, capacity 1547K, committed 1664K, reserved 1048576K
}
Event: 17.731 GC heap after
{Heap after GC invocations=132 (full 0):
 garbage-first heap   total 61440K, used 8998K [0x0000000702200000, 0x0000000800000000)
  region size 2048K, 1 young (2048K), 1 survivors (2048K)
 Metaspace       used 13531K, capacity 13692K, committed 13952K, reserved 1060864K
  class space    used 1486K, capacity 1547K, committed 1664K, reserved 1048576K
}
Event: 17.871 GC heap before
{Heap before GC invocations=133 (full 0):
 garbage-first heap   total 61440K, used 25382K [0x0000000702200000, 0x0000000800000000)
  region size 2048K, 2 young (4096K), 1 survivors (2048K)
 Metaspace       used 13533K, capacity 13692K, committed 13952K, reserved 1060864K
  class space    used 1486K, capacity 1547K, committed 1664K, reserved 1048576K
}
Event: 17.871 GC heap after
{Heap after GC invocations=134 (full 0):
 garbage-first heap   total 61440K, used 21286K [0x0000000702200000, 0x0000000800000000)
  region size 2048K, 1 young (2048K), 1 survivors (2048K)
 Metaspace       used 13533K, capacity 13692K, committed 13952K, reserved 1060864K
  class space    used 1486K, capacity 1547K, committed 1664K, reserved 1048576K
}
Event: 17.903 GC heap before
{Heap before GC invocations=135 (full 0):
 garbage-first heap   total 61440K, used 25382K [0x0000000702200000, 0x0000000800000000)
  region size 2048K, 2 young (4096K), 1 survivors (2048K)
 Metaspace       used 13534K, capacity 13692K, committed 13952K, reserved 1060864K
  class space    used 1486K, capacity 1547K, committed 1664K, reserved 1048576K
}
Event: 17.903 GC heap after
{Heap after GC invocations=136 (full 0):
 garbage-first heap   total 61440K, used 9000K [0x0000000702200000, 0x0000000800000000)
  region size 2048K, 1 young (2048K), 1 survivors (2048K)
 Metaspace       used 13534K, capacity 13692K, committed 13952K, reserved 1060864K
  class space    used 1486K, capacity 1547K, committed 1664K, reserved 1048576K
}
Event: 19.571 GC heap before
{Heap before GC invocations=137 (full 0):
 garbage-first heap   total 233472K, used 228136K [0x0000000702200000, 0x0000000800000000)
  region size 2048K, 2 young (4096K), 1 survivors (2048K)
 Metaspace       used 13579K, capacity 13756K, committed 13952K, reserved 1060864K
  class space    used 1486K, capacity 1547K, committed 1664K, reserved 1048576K
}
Event: 19.572 GC heap after
{Heap after GC invocations=138 (full 0):
 garbage-first heap   total 235520K, used 222002K [0x0000000702200000, 0x0000000800000000)
  region size 2048K, 1 young (2048K), 1 survivors (2048K)
 Metaspace       used 13579K, capacity 13756K, committed 13952K, reserved 1060864K
  class space    used 1486K, capacity 1547K, committed 1664K, reserved 1048576K
}

